2025-09-19 17:08:03,026 - INFO - 正在获取体彩数据 (尝试 1/3): https://webapi.sporttery.cn/gateway/uniform/football/getMatchCalculatorV1.qry
2025-09-19 17:08:03,196 - INFO - ✅ 成功获取API数据: 处理成功
2025-09-19 17:08:03,196 - INFO - 📊 开始解析 3 场比赛
2025-09-19 17:08:03,197 - WARNING - ⚠️ 无法获取赔率信息，跳过比赛:  vs 
2025-09-19 17:08:03,197 - WARNING - ⚠️ 无法获取赔率信息，跳过比赛:  vs 
2025-09-19 17:08:03,197 - WARNING - ⚠️ 无法获取赔率信息，跳过比赛:  vs 
2025-09-19 17:08:03,197 - INFO - 📈 成功解析 0 场有效比赛
2025-09-19 17:08:03,197 - ERROR - ❌ 获取格式化比赛数据失败: 未能解析到有效的比赛数据
2025-09-19 17:08:55,224 - INFO - 正在获取体彩数据 (尝试 1/3): https://webapi.sporttery.cn/gateway/uniform/football/getMatchCalculatorV1.qry
2025-09-19 17:08:55,434 - INFO - ✅ 成功获取API数据: 处理成功
2025-09-19 17:08:55,434 - INFO - 📊 开始解析 3 个日期的比赛
2025-09-19 17:08:55,434 - INFO - 📅 处理 2025-09-19 的 16 场比赛
2025-09-19 17:08:55,435 - INFO - 📅 处理 2025-09-20 的 30 场比赛
2025-09-19 17:08:55,435 - INFO - 📅 处理 2025-09-21 的 19 场比赛
2025-09-19 17:08:55,435 - INFO - 📈 成功解析 65 场有效比赛
2025-09-19 17:08:55,436 - INFO - 📅 日期过滤: 65 -> 65 场比赛 (未来7天)
2025-09-19 17:08:55,436 - INFO - ✅ 成功获取 65 场比赛数据
2025-09-19 17:09:21,056 - INFO - 正在获取体彩数据 (尝试 1/3): https://webapi.sporttery.cn/gateway/uniform/football/getMatchCalculatorV1.qry
2025-09-19 17:09:21,251 - INFO - ✅ 成功获取API数据: 处理成功
2025-09-19 17:09:21,251 - INFO - 📊 开始解析 3 个日期的比赛
2025-09-19 17:09:21,251 - INFO - 📅 处理 2025-09-19 的 16 场比赛
2025-09-19 17:09:21,252 - INFO - 📅 处理 2025-09-20 的 30 场比赛
2025-09-19 17:09:21,253 - INFO - 📅 处理 2025-09-21 的 19 场比赛
2025-09-19 17:09:21,253 - INFO - 📈 成功解析 65 场有效比赛
2025-09-19 17:09:21,257 - INFO - 📅 日期过滤: 65 -> 65 场比赛 (未来3天)
2025-09-19 17:09:21,257 - INFO - ✅ 成功获取 65 场比赛数据
